<?xml version="1.0" encoding="UTF-8"?>
<!-- Generated by org.testng.reporters.JUnitReportReporter -->
<testsuite hostname="LAPTOP-DEE6M2S6" failures="0" tests="2" name="com.demowebshop.qa.tests.Login" time="14.649" errors="0" timestamp="2023-04-09T17:26:58 IST" skipped="0">
  <testcase classname="com.demowebshop.qa.tests.Login" name="LoginWithValidCredentials" time="8.322"/>
  <system-out/>
  <testcase classname="com.demowebshop.qa.tests.Login" name="LoginWithInvalidCredentials" time="6.327"/>
  <system-out/>
</testsuite> <!-- com.demowebshop.qa.tests.Login -->
